--- Installation started at Fri Mar 13 05:49:32 UTC 2026 ---
[WARNING] You are running this master script as root.
[WARNING] The Node.js script (install_node.sh) is designed to run as a normal user for NVM.
[WARNING] It is recommended to run this script as a NORMAL USER, and it will ask for sudo password when needed.
[INFO] >>> Step 1/6: Node.js & Next.js
==========================================
Installation started at Fri Mar 13 05:49:33 UTC 2026
==========================================
[WARNING] You are running this script as root. NVM is typically installed per-user.
[WARNING] If you intend to install for a specific user, run as that user.
[INFO] Checking internet connectivity...
[SUCCESS] Internet connection active.
[INFO] Checking NVM...
[INFO] Installing NVM (Node Version Manager)...
[SUCCESS] NVM script executed.
[SUCCESS] NVM loaded successfully.
[INFO] Installing Node.js v22.14.0...
[SUCCESS] Node.js v22.14.0 activated.
[SUCCESS] Default alias set to 22.14.0.
[INFO] Node Version: v22.14.0
[INFO] NPM Version: 10.9.2
[INFO] Installing create-next-app globally...
[INFO] Installing bcrypt globally (required for database setup)...

added 3 packages in 998ms
[SUCCESS] bcrypt installed successfully.
[SUCCESS] Node.js and Next.js environment ready.
[INFO] To create a new project, run: npx create-next-app@latest my-app
[INFO] >>> Running install_mongo.sh (requires sudo)...
==========================================
Installation started at Fri Mar 13 05:49:47 UTC 2026
==========================================
[INFO] Checking internet connectivity...
[SUCCESS] Internet connection active.
[INFO] Importing MongoDB public GPG key...
[SUCCESS] GPG key imported.
[INFO] Adding MongoDB repository...
[INFO] Updating package lists...
[INFO] Installing MongoDB packages...
[SUCCESS] MongoDB installed.
[INFO] Starting MongoDB service...
[ERROR] MongoDB service failed to start.
[ERROR] install_mongo.sh failed with exit code 1.
[WARNING] Skipping error in install_mongo.sh and continuing...
[INFO] >>> Running install_postgres.sh (requires sudo)...
==========================================
Installation started at Fri Mar 13 05:50:38 UTC 2026
==========================================
[INFO] Checking internet connectivity...
[SUCCESS] Internet connection active.
[INFO] Updating package lists...
[INFO] Installing PostgreSQL and contrib packages...
[SUCCESS] PostgreSQL installed.
[INFO] Ensuring PostgreSQL service is running...
[ERROR] PostgreSQL service failed to start.
[ERROR] install_postgres.sh failed with exit code 1.
[WARNING] Skipping error in install_postgres.sh and continuing...
[INFO] >>> Running install_influx.sh (requires sudo)...
==========================================
Installation started at Fri Mar 13 05:51:08 UTC 2026
==========================================
[INFO] Checking internet connectivity...
[SUCCESS] Internet connection active.
[INFO] Downloading and verifying InfluxData GPG key...
[ERROR] GPG Key checksum FAILED. Aborting.
[ERROR] install_influx.sh failed with exit code 1.
[WARNING] Skipping error in install_influx.sh and continuing...
[INFO] >>> Running install_kafka.sh (requires sudo)...
==========================================
Installation started at Fri Mar 13 05:51:27 UTC 2026
==========================================
[INFO] Checking internet connectivity...
[SUCCESS] Internet connection active.
[INFO] Target User: 
[INFO] Target Home: 
[INFO] Installing default-jdk...
[SUCCESS] Java installed.
[INFO] Downloading Kafka 3.2.1...
[INFO] Using archive mirror: https://archive.apache.org/dist/kafka/3.2.1/kafka_2.12-3.2.1.tgz
[ERROR] Failed to download Kafka from archive mirror.
[INFO] Trying alternate download URL...
[ERROR] Failed to download Kafka from both mirrors.
[ERROR] Please check your internet connection and try again.
[ERROR] install_kafka.sh failed with exit code 1.
[ERROR] Installation aborted by user.
==========================================
Installation started at Fri Mar 13 11:30:59 UTC 2026
==========================================
[INFO] Checking internet connectivity...
[ERROR] No internet connection. Please check your network.
==========================================
Installation started at Fri Mar 13 11:31:49 UTC 2026
==========================================
[INFO] Checking internet connectivity...
[SUCCESS] Internet connection active.
[INFO] Downloading and verifying InfluxData GPG key...
[ERROR] GPG Key fingerprint verification FAILED. Key may be tampered.
==========================================
Installation started at Fri Mar 13 11:32:39 UTC 2026
==========================================
[INFO] Checking internet connectivity...
[SUCCESS] Internet connection active.
[INFO] Downloading tools missing. Installing curl...
[INFO] Downloading and verifying InfluxData GPG key...
[ERROR] GPG Key fingerprint verification FAILED or file not found.
==========================================
Installation started at Fri Mar 13 11:34:30 UTC 2026
==========================================
[INFO] Checking internet connectivity...
[SUCCESS] Internet connection active.
[INFO] Downloading and verifying InfluxData GPG key...
[ERROR] GPG Key verification FAILED. The downloaded key does not match the official fingerprint.
==========================================
Installation started at Fri Mar 13 11:35:36 UTC 2026
==========================================
[INFO] Checking internet connectivity...
[SUCCESS] Internet connection active.
[INFO] wget not found. Installing wget...
[INFO] gnupg not found. Installing gnupg...
[INFO] Downloading and verifying InfluxData GPG key...
[ERROR] GPG Key verification FAILED. The downloaded key does not match the official fingerprint.
